<html>
<body>
<pre>
<h1>Vision Build Log</h1>
<h2>Project:</h2>
C:\Users\17849\单片机工程\学习的单片机工程\定时器中断\中断.uvproj
Project File Date:  09/05/2018

<h2>Output:</h2>
Rebuild target 'Target 1'
assembling STARTUP.A51...
compiling 中断.c...
linking...
*** WARNING L1: UNRESOLVED EXTERNAL SYMBOL
    SYMBOL:  MAIN
    MODULE:  C:\KEIL_V5\C51\LIB\C51S.LIB (?C_INIT)
*** WARNING L2: REFERENCE MADE TO UNRESOLVED EXTERNAL
    SYMBOL:  MAIN
    MODULE:  C:\KEIL_V5\C51\LIB\C51S.LIB (?C_INIT)
    ADDRESS: 0010H
Program Size: data=9.0 xdata=0 code=144
"中断" - 0 Error(s), 2 Warning(s).
Rebuild target 'Target 1'
assembling STARTUP.A51...
compiling 中断.c...
linking...
*** WARNING L1: UNRESOLVED EXTERNAL SYMBOL
    SYMBOL:  MAIN
    MODULE:  C:\KEIL_V5\C51\LIB\C51S.LIB (?C_INIT)
*** WARNING L2: REFERENCE MADE TO UNRESOLVED EXTERNAL
    SYMBOL:  MAIN
    MODULE:  C:\KEIL_V5\C51\LIB\C51S.LIB (?C_INIT)
    ADDRESS: 0010H
Program Size: data=9.0 xdata=0 code=144
"中断" - 0 Error(s), 2 Warning(s).
Rebuild target 'Target 1'
assembling STARTUP.A51...
compiling 中断.c...
linking...
*** WARNING L1: UNRESOLVED EXTERNAL SYMBOL
    SYMBOL:  MAIN
    MODULE:  C:\KEIL_V5\C51\LIB\C51S.LIB (?C_INIT)
*** WARNING L2: REFERENCE MADE TO UNRESOLVED EXTERNAL
    SYMBOL:  MAIN
    MODULE:  C:\KEIL_V5\C51\LIB\C51S.LIB (?C_INIT)
    ADDRESS: 0010H
Program Size: data=9.0 xdata=0 code=144
"中断" - 0 Error(s), 2 Warning(s).
Rebuild target 'Target 1'
assembling STARTUP.A51...
compiling 中断.c...
linking...
*** WARNING L1: UNRESOLVED EXTERNAL SYMBOL
    SYMBOL:  MAIN
    MODULE:  C:\KEIL_V5\C51\LIB\C51S.LIB (?C_INIT)
*** WARNING L2: REFERENCE MADE TO UNRESOLVED EXTERNAL
    SYMBOL:  MAIN
    MODULE:  C:\KEIL_V5\C51\LIB\C51S.LIB (?C_INIT)
    ADDRESS: 0010H
Program Size: data=9.0 xdata=0 code=144
"中断" - 0 Error(s), 2 Warning(s).
Rebuild target 'Target 1'
assembling STARTUP.A51...
compiling 中断.c...
linking...
*** WARNING L1: UNRESOLVED EXTERNAL SYMBOL
    SYMBOL:  MAIN
    MODULE:  C:\KEIL_V5\C51\LIB\C51S.LIB (?C_INIT)
*** WARNING L2: REFERENCE MADE TO UNRESOLVED EXTERNAL
    SYMBOL:  MAIN
    MODULE:  C:\KEIL_V5\C51\LIB\C51S.LIB (?C_INIT)
    ADDRESS: 0010H
Program Size: data=9.0 xdata=0 code=144
"中断" - 0 Error(s), 2 Warning(s).
Rebuild target 'Target 1'
assembling STARTUP.A51...
compiling 中断.c...
linking...
*** WARNING L1: UNRESOLVED EXTERNAL SYMBOL
    SYMBOL:  MAIN
    MODULE:  C:\KEIL_V5\C51\LIB\C51S.LIB (?C_INIT)
*** WARNING L2: REFERENCE MADE TO UNRESOLVED EXTERNAL
    SYMBOL:  MAIN
    MODULE:  C:\KEIL_V5\C51\LIB\C51S.LIB (?C_INIT)
    ADDRESS: 0010H
Program Size: data=9.0 xdata=0 code=144
"中断" - 0 Error(s), 2 Warning(s).
Rebuild target 'Target 1'
assembling STARTUP.A51...
compiling 中断.c...
linking...
*** WARNING L1: UNRESOLVED EXTERNAL SYMBOL
    SYMBOL:  MAIN
    MODULE:  C:\KEIL_V5\C51\LIB\C51S.LIB (?C_INIT)
*** WARNING L2: REFERENCE MADE TO UNRESOLVED EXTERNAL
    SYMBOL:  MAIN
    MODULE:  C:\KEIL_V5\C51\LIB\C51S.LIB (?C_INIT)
    ADDRESS: 0010H
Program Size: data=9.0 xdata=0 code=144
"中断" - 0 Error(s), 2 Warning(s).
Rebuild target 'Target 1'
assembling STARTUP.A51...
compiling 中断.c...
linking...
*** WARNING L1: UNRESOLVED EXTERNAL SYMBOL
    SYMBOL:  MAIN
    MODULE:  C:\KEIL_V5\C51\LIB\C51S.LIB (?C_INIT)
*** WARNING L2: REFERENCE MADE TO UNRESOLVED EXTERNAL
    SYMBOL:  MAIN
    MODULE:  C:\KEIL_V5\C51\LIB\C51S.LIB (?C_INIT)
    ADDRESS: 0010H
Program Size: data=9.0 xdata=0 code=144
"中断" - 0 Error(s), 2 Warning(s).
Rebuild target 'Target 1'
assembling STARTUP.A51...
compiling 中断.c...
linking...
*** WARNING L1: UNRESOLVED EXTERNAL SYMBOL
    SYMBOL:  MAIN
    MODULE:  C:\KEIL_V5\C51\LIB\C51S.LIB (?C_INIT)
*** WARNING L2: REFERENCE MADE TO UNRESOLVED EXTERNAL
    SYMBOL:  MAIN
    MODULE:  C:\KEIL_V5\C51\LIB\C51S.LIB (?C_INIT)
    ADDRESS: 0010H
Program Size: data=9.0 xdata=0 code=144
"中断" - 0 Error(s), 2 Warning(s).
Rebuild target 'Target 1'
assembling STARTUP.A51...
compiling 中断.c...
中断.c(2): warning C318: can't open file 'delay'
中断.c(9): warning C206: 'delay': missing function-prototype
中断.c(9): error C267: 'delay': requires ANSI-style prototype
Target not created
Rebuild target 'Target 1'
assembling STARTUP.A51...
compiling 中断.c...
delay.h(1): warning C315: unknown #directive 'ifndef_DELAY_H_'
delay.h(2): warning C315: unknown #directive 'define_DELAY_H_'
delay.h(4): error C141: syntax error near 'xms', expected ')'
delay.h(6): error C202: 'xms': undefined identifier
delay.h(9): warning C312: misplaced endif control
Target not created
Rebuild target 'Target 1'
assembling STARTUP.A51...
compiling 中断.c...
delay.h(1): warning C315: unknown #directive 'ifndef_DELAY_H_'
delay.h(2): warning C315: unknown #directive 'define_DELAY_H_'
delay.h(4): error C141: syntax error near 'xms', expected ')'
delay.h(6): error C202: 'xms': undefined identifier
delay.h(9): warning C312: misplaced endif control
Target not created
Rebuild target 'Target 1'
assembling STARTUP.A51...
compiling 中断.c...
DELAY.h(1): warning C315: unknown #directive 'ifndef_DELAY_H_'
DELAY.h(2): warning C315: unknown #directive 'define_DELAY_H_'
DELAY.h(4): error C141: syntax error near 'xms', expected ')'
DELAY.h(6): error C202: 'xms': undefined identifier
DELAY.h(9): warning C312: misplaced endif control
Target not created
Rebuild target 'Target 1'
assembling STARTUP.A51...
compiling 中断.c...
delay.h(1): warning C315: unknown #directive 'ifndef_DELAY_H_'
delay.h(2): warning C315: unknown #directive 'define_DELAY_H_'
delay.h(4): error C141: syntax error near 'xms', expected ')'
delay.h(6): error C202: 'xms': undefined identifier
delay.h(9): warning C312: misplaced endif control
Target not created
Rebuild target 'Target 1'
assembling STARTUP.A51...
compiling 中断.c...
delay.h(4): error C141: syntax error near 'xms', expected ')'
delay.h(6): error C202: 'xms': undefined identifier
Target not created
Rebuild target 'Target 1'
assembling STARTUP.A51...
compiling 中断.c...
delay.h(5): error C141: syntax error near 'xms', expected ')'
delay.h(7): error C202: 'xms': undefined identifier
Target not created
Rebuild target 'Target 1'
assembling STARTUP.A51...
compiling 中断.c...
delay.h(5): error C141: syntax error near 'xms', expected ')'
Target not created
Rebuild target 'Target 1'
assembling STARTUP.A51...
compiling 中断.c...
delay.h(5): error C141: syntax error near 'xms', expected ')'
Target not created
Rebuild target 'Target 1'
assembling STARTUP.A51...
compiling 中断.c...
delay.h(5): error C141: syntax error near 'xms', expected ')'
Target not created
Rebuild target 'Target 1'
assembling STARTUP.A51...
compiling 中断.c...
linking...
Program Size: data=17.0 xdata=0 code=81
"中断" - 0 Error(s), 0 Warning(s).
Rebuild target 'Target 1'
assembling STARTUP.A51...
compiling 中断.c...
linking...
Program Size: data=17.0 xdata=0 code=81
"中断" - 0 Error(s), 0 Warning(s).
Rebuild target 'Target 1'
assembling STARTUP.A51...
compiling 中断.c...
linking...
Program Size: data=17.0 xdata=0 code=81
creating hex file from "中断"...
"中断" - 0 Error(s), 0 Warning(s).
Rebuild target 'Target 1'
assembling STARTUP.A51...
compiling 中断.c...
linking...
Program Size: data=17.0 xdata=0 code=81
creating hex file from "中断"...
"中断" - 0 Error(s), 0 Warning(s).
Rebuild target 'Target 1'
assembling STARTUP.A51...
compiling 中断.c...
linking...
Program Size: data=17.0 xdata=0 code=81
creating hex file from "中断"...
"中断" - 0 Error(s), 0 Warning(s).
Rebuild target 'Target 1'
assembling STARTUP.A51...
compiling 中断.c...
linking...
Program Size: data=17.0 xdata=0 code=81
creating hex file from "中断"...
"中断" - 0 Error(s), 0 Warning(s).
Rebuild target 'Target 1'
assembling STARTUP.A51...
compiling 中断.c...
linking...
*** WARNING L16: UNCALLED SEGMENT, IGNORED FOR OVERLAY PROCESS
    SEGMENT: ?PR?_DELAY?____
Program Size: data=17.0 xdata=0 code=70
creating hex file from "中断"...
"中断" - 0 Error(s), 1 Warning(s).
Rebuild target 'Target 1'
assembling STARTUP.A51...
compiling 中断.c...
linking...
Program Size: data=9.0 xdata=0 code=18
creating hex file from "中断"...
"中断" - 0 Error(s), 0 Warning(s).
Rebuild target 'Target 1'
assembling STARTUP.A51...
compiling 中断.c...
linking...
Program Size: data=9.0 xdata=0 code=18
creating hex file from "中断"...
"中断" - 0 Error(s), 0 Warning(s).
Rebuild target 'Target 1'
assembling STARTUP.A51...
compiling 中断.c...
linking...
Program Size: data=9.0 xdata=0 code=18
creating hex file from "中断"...
"中断" - 0 Error(s), 0 Warning(s).
Rebuild target 'Target 1'
assembling STARTUP.A51...
compiling 中断.c...
中断.c(9): warning C206: 'delay': missing function-prototype
中断.c(9): error C267: 'delay': requires ANSI-style prototype
Target not created
Rebuild target 'Target 1'
assembling STARTUP.A51...
compiling 中断.c...
linking...
Program Size: data=17.0 xdata=0 code=81
creating hex file from "中断"...
"中断" - 0 Error(s), 0 Warning(s).
Rebuild target 'Target 1'
assembling STARTUP.A51...
compiling 乐谱.c...
..\..\..\Downloads\乐谱.c(66): warning C290: missing return value
linking...
Program Size: data=14.0 xdata=0 code=332
creating hex file from "中断"...
"中断" - 0 Error(s), 1 Warning(s).
Rebuild target 'Target 1'
assembling STARTUP.A51...
compiling 生日快乐.c...
..\..\..\Downloads\生日快乐.c(67): warning C290: missing return value
linking...
Program Size: data=14.0 xdata=0 code=348
creating hex file from "中断"...
"中断" - 0 Error(s), 1 Warning(s).
Rebuild target 'Target 1'
assembling STARTUP.A51...
compiling 中断.c...
中断.c(2): warning C318: can't open file 'delay.h'
中断.c(6): error C129: missing ';' before 'num'
Target not created
Rebuild target 'Target 1'
assembling STARTUP.A51...
compiling 中断.c...
中断.c(9): error C141: syntax error near 'C00H'
中断.c(9): error C202: 'C00H': undefined identifier
中断.c(10): error C141: syntax error near 'C00H'
中断.c(10): error C202: 'C00H': undefined identifier
中断.c(17): error C136: 'T0': 'void' on variable
中断.c(17): error C129: missing ';' before 'time'
Target not created
Rebuild target 'Target 1'
assembling STARTUP.A51...
compiling 中断.c...
中断.c(9): error C141: syntax error near 'H'
中断.c(9): error C202: 'H': undefined identifier
中断.c(10): error C141: syntax error near 'H'
中断.c(10): error C202: 'H': undefined identifier
中断.c(17): error C136: 'T0': 'void' on variable
中断.c(17): error C129: missing ';' before 'time'
Target not created
Rebuild target 'Target 1'
assembling STARTUP.A51...
compiling 中断.c...
中断.c(17): error C136: 'T0': 'void' on variable
中断.c(17): error C129: missing ';' before 'time'
Target not created
Rebuild target 'Target 1'
assembling STARTUP.A51...
compiling 中断.c...
中断.c(26): error C141: syntax error near '}'
Target not created
Rebuild target 'Target 1'
assembling STARTUP.A51...
compiling 中断.c...
linking...
Program Size: data=13.0 xdata=0 code=66
creating hex file from "中断"...
"中断" - 0 Error(s), 0 Warning(s).
Rebuild target 'Target 1'
assembling STARTUP.A51...
compiling 中断.c...
中断.c(16): warning C294: unreachable code
linking...
Program Size: data=13.0 xdata=0 code=54
creating hex file from "中断"...
"中断" - 0 Error(s), 1 Warning(s).
Rebuild target 'Target 1'
assembling STARTUP.A51...
compiling 中断.c...
中断.c(5): error C129: missing ';' before 'num'
Target not created
Rebuild target 'Target 1'
assembling STARTUP.A51...
compiling 中断.c...
中断.c(16): warning C294: unreachable code
linking...
Program Size: data=13.0 xdata=0 code=54
creating hex file from "中断"...
"中断" - 0 Error(s), 1 Warning(s).
Rebuild target 'Target 1'
assembling STARTUP.A51...
compiling 中断.c...
中断.c(16): warning C294: unreachable code
linking...
Program Size: data=13.0 xdata=0 code=54
creating hex file from "中断"...
"中断" - 0 Error(s), 1 Warning(s).
Rebuild target 'Target 1'
assembling STARTUP.A51...
compiling 中断.c...
中断.c(16): warning C294: unreachable code
linking...
Program Size: data=13.0 xdata=0 code=54
creating hex file from "中断"...
"中断" - 0 Error(s), 1 Warning(s).
Rebuild target 'Target 1'
assembling STARTUP.A51...
compiling 中断.c...
中断.c(16): warning C294: unreachable code
linking...
Program Size: data=13.0 xdata=0 code=54
creating hex file from "中断"...
"中断" - 0 Error(s), 1 Warning(s).
Rebuild target 'Target 1'
assembling STARTUP.A51...
compiling 中断.c...
中断.c(16): warning C294: unreachable code
linking...
Program Size: data=13.0 xdata=0 code=54
creating hex file from "中断"...
"中断" - 0 Error(s), 1 Warning(s).
Rebuild target 'Target 1'
assembling STARTUP.A51...
compiling 中断.c...
中断.c(16): warning C294: unreachable code
linking...
Program Size: data=13.0 xdata=0 code=54
creating hex file from "中断"...
"中断" - 0 Error(s), 1 Warning(s).
Rebuild target 'Target 1'
assembling STARTUP.A51...
compiling 中断.c...
中断.c(16): warning C294: unreachable code
linking...
Program Size: data=13.0 xdata=0 code=54
creating hex file from "中断"...
"中断" - 0 Error(s), 1 Warning(s).
Rebuild target 'Target 1'
assembling STARTUP.A51...
compiling 中断.c...
中断.c(16): warning C294: unreachable code
linking...
Program Size: data=13.0 xdata=0 code=54
creating hex file from "中断"...
"中断" - 0 Error(s), 1 Warning(s).
Rebuild target 'Target 1'
assembling STARTUP.A51...
compiling 中断.c...
中断.c(17): warning C294: unreachable code
linking...
Program Size: data=13.0 xdata=0 code=56
creating hex file from "中断"...
"中断" - 0 Error(s), 1 Warning(s).
Rebuild target 'Target 1'
assembling STARTUP.A51...
compiling 中断.c...
linking...
Program Size: data=13.0 xdata=0 code=68
creating hex file from "中断"...
"中断" - 0 Error(s), 0 Warning(s).
Rebuild target 'Target 1'
assembling STARTUP.A51...
compiling 中断.c...
linking...
Program Size: data=13.0 xdata=0 code=68
creating hex file from "中断"...
"中断" - 0 Error(s), 0 Warning(s).
Rebuild target 'Target 1'
assembling STARTUP.A51...
compiling 中断.c...
linking...
Program Size: data=13.0 xdata=0 code=68
creating hex file from "中断"...
"中断" - 0 Error(s), 0 Warning(s).
